<?xml version="1.0" encoding="UTF-8"?>
<!-- Generated by org.testng.reporters.JUnitXMLReporter -->
<testsuite hostname="Dreams" ignored="0" name="SecondTest" tests="1" failures="1" timestamp="20 Aug 2020 05:17:25 GMT" time="37.826" errors="0">
  <testcase name="loginTest" time="37.825" classname="gitTest2.GitTest2">
    <failure type="java.lang.ArithmeticException" message="/ by zero">
      <![CDATA[java.lang.ArithmeticException: / by zeroat gitTest2.GitTest2.loginTest(GitTest2.java:24)... Removed 28 stack frames]]>
    </failure>
  </testcase> <!-- loginTest -->
</testsuite> <!-- SecondTest -->
